<?xml version="1.0" encoding="UTF-8"?>
<testsuite xmlns:xsi="http://www.w3.org/2001/XMLSchema-instance" xsi:noNamespaceSchemaLocation="https://maven.apache.org/surefire/maven-surefire-plugin/xsd/surefire-test-report-3.0.xsd" version="3.0" name="com.hrms.runners.APIRunner" time="7.909" tests="3" errors="0" skipped="0" failures="0">
  <properties>
    <property name="gopherProxySet" value="false"/>
    <property name="awt.toolkit" value="sun.lwawt.macosx.LWCToolkit"/>
    <property name="file.encoding.pkg" value="sun.io"/>
    <property name="java.specification.version" value="1.8"/>
    <property name="sun.cpu.isalist" value=""/>
    <property name="sun.jnu.encoding" value="UTF-8"/>
    <property name="java.class.path" value="/Users/alexandrrudenko/eclipse-workspace/CucumberFramework/target/test-classes:/Users/alexandrrudenko/eclipse-workspace/CucumberFramework/target/classes:/Users/alexandrrudenko/.m2/repository/io/rest-assured/rest-assured/4.3.1/rest-assured-4.3.1.jar:/Users/alexandrrudenko/.m2/repository/org/codehaus/groovy/groovy/3.0.3/groovy-3.0.3.jar:/Users/alexandrrudenko/.m2/repository/org/codehaus/groovy/groovy-xml/3.0.3/groovy-xml-3.0.3.jar:/Users/alexandrrudenko/.m2/repository/org/apache/httpcomponents/httpclient/4.5.3/httpclient-4.5.3.jar:/Users/alexandrrudenko/.m2/repository/org/apache/httpcomponents/httpcore/4.4.6/httpcore-4.4.6.jar:/Users/alexandrrudenko/.m2/repository/commons-logging/commons-logging/1.2/commons-logging-1.2.jar:/Users/alexandrrudenko/.m2/repository/commons-codec/commons-codec/1.9/commons-codec-1.9.jar:/Users/alexandrrudenko/.m2/repository/org/apache/httpcomponents/httpmime/4.5.3/httpmime-4.5.3.jar:/Users/alexandrrudenko/.m2/repository/org/hamcrest/hamcrest/2.1/hamcrest-2.1.jar:/Users/alexandrrudenko/.m2/repository/org/ccil/cowan/tagsoup/tagsoup/1.2.1/tagsoup-1.2.1.jar:/Users/alexandrrudenko/.m2/repository/io/rest-assured/json-path/4.3.1/json-path-4.3.1.jar:/Users/alexandrrudenko/.m2/repository/org/codehaus/groovy/groovy-json/3.0.3/groovy-json-3.0.3.jar:/Users/alexandrrudenko/.m2/repository/io/rest-assured/rest-assured-common/4.3.1/rest-assured-common-4.3.1.jar:/Users/alexandrrudenko/.m2/repository/io/rest-assured/xml-path/4.3.1/xml-path-4.3.1.jar:/Users/alexandrrudenko/.m2/repository/jakarta/xml/bind/jakarta.xml.bind-api/2.3.3/jakarta.xml.bind-api-2.3.3.jar:/Users/alexandrrudenko/.m2/repository/jakarta/activation/jakarta.activation-api/1.2.2/jakarta.activation-api-1.2.2.jar:/Users/alexandrrudenko/.m2/repository/com/sun/xml/bind/jaxb-impl/2.3.3/jaxb-impl-2.3.3.jar:/Users/alexandrrudenko/.m2/repository/mysql/mysql-connector-java/8.0.20/mysql-connector-java-8.0.20.jar:/Users/alexandrrudenko/.m2/repository/com/google/protobuf/protobuf-java/3.6.1/protobuf-java-3.6.1.jar:/Users/alexandrrudenko/.m2/repository/io/cucumber/cucumber-junit/5.7.0/cucumber-junit-5.7.0.jar:/Users/alexandrrudenko/.m2/repository/org/apiguardian/apiguardian-api/1.1.0/apiguardian-api-1.1.0.jar:/Users/alexandrrudenko/.m2/repository/io/cucumber/cucumber-core/5.7.0/cucumber-core-5.7.0.jar:/Users/alexandrrudenko/.m2/repository/io/cucumber/cucumber-gherkin/5.7.0/cucumber-gherkin-5.7.0.jar:/Users/alexandrrudenko/.m2/repository/io/cucumber/cucumber-gherkin-vintage/5.7.0/cucumber-gherkin-vintage-5.7.0.jar:/Users/alexandrrudenko/.m2/repository/io/cucumber/tag-expressions/2.0.4/tag-expressions-2.0.4.jar:/Users/alexandrrudenko/.m2/repository/io/cucumber/cucumber-expressions/8.3.1/cucumber-expressions-8.3.1.jar:/Users/alexandrrudenko/.m2/repository/io/cucumber/datatable/3.3.1/datatable-3.3.1.jar:/Users/alexandrrudenko/.m2/repository/io/cucumber/cucumber-plugin/5.7.0/cucumber-plugin-5.7.0.jar:/Users/alexandrrudenko/.m2/repository/io/cucumber/docstring/5.7.0/docstring-5.7.0.jar:/Users/alexandrrudenko/.m2/repository/junit/junit/4.13/junit-4.13.jar:/Users/alexandrrudenko/.m2/repository/org/hamcrest/hamcrest-core/1.3/hamcrest-core-1.3.jar:/Users/alexandrrudenko/.m2/repository/io/cucumber/cucumber-java/5.7.0/cucumber-java-5.7.0.jar:/Users/alexandrrudenko/.m2/repository/io/github/bonigarcia/webdrivermanager/3.8.1/webdrivermanager-3.8.1.jar:/Users/alexandrrudenko/.m2/repository/org/slf4j/slf4j-api/1.7.25/slf4j-api-1.7.25.jar:/Users/alexandrrudenko/.m2/repository/com/google/code/gson/gson/2.8.5/gson-2.8.5.jar:/Users/alexandrrudenko/.m2/repository/org/apache/commons/commons-lang3/3.8.1/commons-lang3-3.8.1.jar:/Users/alexandrrudenko/.m2/repository/org/rauschig/jarchivelib/1.0.0/jarchivelib-1.0.0.jar:/Users/alexandrrudenko/.m2/repository/org/jsoup/jsoup/1.11.3/jsoup-1.11.3.jar:/Users/alexandrrudenko/.m2/repository/org/seleniumhq/selenium/selenium-java/3.141.59/selenium-java-3.141.59.jar:/Users/alexandrrudenko/.m2/repository/org/seleniumhq/selenium/selenium-api/3.141.59/selenium-api-3.141.59.jar:/Users/alexandrrudenko/.m2/repository/org/seleniumhq/selenium/selenium-chrome-driver/3.141.59/selenium-chrome-driver-3.141.59.jar:/Users/alexandrrudenko/.m2/repository/org/seleniumhq/selenium/selenium-edge-driver/3.141.59/selenium-edge-driver-3.141.59.jar:/Users/alexandrrudenko/.m2/repository/org/seleniumhq/selenium/selenium-firefox-driver/3.141.59/selenium-firefox-driver-3.141.59.jar:/Users/alexandrrudenko/.m2/repository/org/seleniumhq/selenium/selenium-ie-driver/3.141.59/selenium-ie-driver-3.141.59.jar:/Users/alexandrrudenko/.m2/repository/org/seleniumhq/selenium/selenium-opera-driver/3.141.59/selenium-opera-driver-3.141.59.jar:/Users/alexandrrudenko/.m2/repository/org/seleniumhq/selenium/selenium-remote-driver/3.141.59/selenium-remote-driver-3.141.59.jar:/Users/alexandrrudenko/.m2/repository/org/seleniumhq/selenium/selenium-safari-driver/3.141.59/selenium-safari-driver-3.141.59.jar:/Users/alexandrrudenko/.m2/repository/org/seleniumhq/selenium/selenium-support/3.141.59/selenium-support-3.141.59.jar:/Users/alexandrrudenko/.m2/repository/net/bytebuddy/byte-buddy/1.8.15/byte-buddy-1.8.15.jar:/Users/alexandrrudenko/.m2/repository/org/apache/commons/commons-exec/1.3/commons-exec-1.3.jar:/Users/alexandrrudenko/.m2/repository/com/google/guava/guava/25.0-jre/guava-25.0-jre.jar:/Users/alexandrrudenko/.m2/repository/com/google/code/findbugs/jsr305/1.3.9/jsr305-1.3.9.jar:/Users/alexandrrudenko/.m2/repository/org/checkerframework/checker-compat-qual/2.0.0/checker-compat-qual-2.0.0.jar:/Users/alexandrrudenko/.m2/repository/com/google/errorprone/error_prone_annotations/2.1.3/error_prone_annotations-2.1.3.jar:/Users/alexandrrudenko/.m2/repository/com/google/j2objc/j2objc-annotations/1.1/j2objc-annotations-1.1.jar:/Users/alexandrrudenko/.m2/repository/org/codehaus/mojo/animal-sniffer-annotations/1.14/animal-sniffer-annotations-1.14.jar:/Users/alexandrrudenko/.m2/repository/com/squareup/okhttp3/okhttp/3.11.0/okhttp-3.11.0.jar:/Users/alexandrrudenko/.m2/repository/com/squareup/okio/okio/1.14.0/okio-1.14.0.jar:/Users/alexandrrudenko/.m2/repository/commons-io/commons-io/2.7/commons-io-2.7.jar:/Users/alexandrrudenko/.m2/repository/org/apache/poi/poi-ooxml/4.1.2/poi-ooxml-4.1.2.jar:/Users/alexandrrudenko/.m2/repository/org/apache/poi/poi/4.1.2/poi-4.1.2.jar:/Users/alexandrrudenko/.m2/repository/org/apache/commons/commons-collections4/4.4/commons-collections4-4.4.jar:/Users/alexandrrudenko/.m2/repository/org/apache/commons/commons-math3/3.6.1/commons-math3-3.6.1.jar:/Users/alexandrrudenko/.m2/repository/com/zaxxer/SparseBitSet/1.2/SparseBitSet-1.2.jar:/Users/alexandrrudenko/.m2/repository/org/apache/poi/poi-ooxml-schemas/4.1.2/poi-ooxml-schemas-4.1.2.jar:/Users/alexandrrudenko/.m2/repository/org/apache/xmlbeans/xmlbeans/3.1.0/xmlbeans-3.1.0.jar:/Users/alexandrrudenko/.m2/repository/org/apache/commons/commons-compress/1.19/commons-compress-1.19.jar:/Users/alexandrrudenko/.m2/repository/com/github/virtuald/curvesapi/1.06/curvesapi-1.06.jar:/Users/alexandrrudenko/.m2/repository/org/json/json/20160810/json-20160810.jar:"/>
    <property name="java.vm.vendor" value="Oracle Corporation"/>
    <property name="sun.arch.data.model" value="64"/>
    <property name="java.vendor.url" value="http://java.oracle.com/"/>
    <property name="user.timezone" value=""/>
    <property name="java.vm.specification.version" value="1.8"/>
    <property name="os.name" value="Mac OS X"/>
    <property name="user.country" value="UA"/>
    <property name="sun.java.launcher" value="SUN_STANDARD"/>
    <property name="sun.boot.library.path" value="/Library/Java/JavaVirtualMachines/jdk1.8.0_251.jdk/Contents/Home/jre/lib"/>
    <property name="sun.java.command" value="/Users/alexandrrudenko/eclipse-workspace/CucumberFramework/target/surefire/surefirebooter5496008149390101872.jar /Users/alexandrrudenko/eclipse-workspace/CucumberFramework/target/surefire 2020-10-31T19-54-16_239-jvmRun1 surefire5963812894527356065tmp surefire_02404940207639633470tmp"/>
    <property name="http.nonProxyHosts" value="local|*.local|169.254/16|*.169.254/16"/>
    <property name="surefire.test.class.path" value="/Users/alexandrrudenko/eclipse-workspace/CucumberFramework/target/test-classes:/Users/alexandrrudenko/eclipse-workspace/CucumberFramework/target/classes:/Users/alexandrrudenko/.m2/repository/io/rest-assured/rest-assured/4.3.1/rest-assured-4.3.1.jar:/Users/alexandrrudenko/.m2/repository/org/codehaus/groovy/groovy/3.0.3/groovy-3.0.3.jar:/Users/alexandrrudenko/.m2/repository/org/codehaus/groovy/groovy-xml/3.0.3/groovy-xml-3.0.3.jar:/Users/alexandrrudenko/.m2/repository/org/apache/httpcomponents/httpclient/4.5.3/httpclient-4.5.3.jar:/Users/alexandrrudenko/.m2/repository/org/apache/httpcomponents/httpcore/4.4.6/httpcore-4.4.6.jar:/Users/alexandrrudenko/.m2/repository/commons-logging/commons-logging/1.2/commons-logging-1.2.jar:/Users/alexandrrudenko/.m2/repository/commons-codec/commons-codec/1.9/commons-codec-1.9.jar:/Users/alexandrrudenko/.m2/repository/org/apache/httpcomponents/httpmime/4.5.3/httpmime-4.5.3.jar:/Users/alexandrrudenko/.m2/repository/org/hamcrest/hamcrest/2.1/hamcrest-2.1.jar:/Users/alexandrrudenko/.m2/repository/org/ccil/cowan/tagsoup/tagsoup/1.2.1/tagsoup-1.2.1.jar:/Users/alexandrrudenko/.m2/repository/io/rest-assured/json-path/4.3.1/json-path-4.3.1.jar:/Users/alexandrrudenko/.m2/repository/org/codehaus/groovy/groovy-json/3.0.3/groovy-json-3.0.3.jar:/Users/alexandrrudenko/.m2/repository/io/rest-assured/rest-assured-common/4.3.1/rest-assured-common-4.3.1.jar:/Users/alexandrrudenko/.m2/repository/io/rest-assured/xml-path/4.3.1/xml-path-4.3.1.jar:/Users/alexandrrudenko/.m2/repository/jakarta/xml/bind/jakarta.xml.bind-api/2.3.3/jakarta.xml.bind-api-2.3.3.jar:/Users/alexandrrudenko/.m2/repository/jakarta/activation/jakarta.activation-api/1.2.2/jakarta.activation-api-1.2.2.jar:/Users/alexandrrudenko/.m2/repository/com/sun/xml/bind/jaxb-impl/2.3.3/jaxb-impl-2.3.3.jar:/Users/alexandrrudenko/.m2/repository/mysql/mysql-connector-java/8.0.20/mysql-connector-java-8.0.20.jar:/Users/alexandrrudenko/.m2/repository/com/google/protobuf/protobuf-java/3.6.1/protobuf-java-3.6.1.jar:/Users/alexandrrudenko/.m2/repository/io/cucumber/cucumber-junit/5.7.0/cucumber-junit-5.7.0.jar:/Users/alexandrrudenko/.m2/repository/org/apiguardian/apiguardian-api/1.1.0/apiguardian-api-1.1.0.jar:/Users/alexandrrudenko/.m2/repository/io/cucumber/cucumber-core/5.7.0/cucumber-core-5.7.0.jar:/Users/alexandrrudenko/.m2/repository/io/cucumber/cucumber-gherkin/5.7.0/cucumber-gherkin-5.7.0.jar:/Users/alexandrrudenko/.m2/repository/io/cucumber/cucumber-gherkin-vintage/5.7.0/cucumber-gherkin-vintage-5.7.0.jar:/Users/alexandrrudenko/.m2/repository/io/cucumber/tag-expressions/2.0.4/tag-expressions-2.0.4.jar:/Users/alexandrrudenko/.m2/repository/io/cucumber/cucumber-expressions/8.3.1/cucumber-expressions-8.3.1.jar:/Users/alexandrrudenko/.m2/repository/io/cucumber/datatable/3.3.1/datatable-3.3.1.jar:/Users/alexandrrudenko/.m2/repository/io/cucumber/cucumber-plugin/5.7.0/cucumber-plugin-5.7.0.jar:/Users/alexandrrudenko/.m2/repository/io/cucumber/docstring/5.7.0/docstring-5.7.0.jar:/Users/alexandrrudenko/.m2/repository/junit/junit/4.13/junit-4.13.jar:/Users/alexandrrudenko/.m2/repository/org/hamcrest/hamcrest-core/1.3/hamcrest-core-1.3.jar:/Users/alexandrrudenko/.m2/repository/io/cucumber/cucumber-java/5.7.0/cucumber-java-5.7.0.jar:/Users/alexandrrudenko/.m2/repository/io/github/bonigarcia/webdrivermanager/3.8.1/webdrivermanager-3.8.1.jar:/Users/alexandrrudenko/.m2/repository/org/slf4j/slf4j-api/1.7.25/slf4j-api-1.7.25.jar:/Users/alexandrrudenko/.m2/repository/com/google/code/gson/gson/2.8.5/gson-2.8.5.jar:/Users/alexandrrudenko/.m2/repository/org/apache/commons/commons-lang3/3.8.1/commons-lang3-3.8.1.jar:/Users/alexandrrudenko/.m2/repository/org/rauschig/jarchivelib/1.0.0/jarchivelib-1.0.0.jar:/Users/alexandrrudenko/.m2/repository/org/jsoup/jsoup/1.11.3/jsoup-1.11.3.jar:/Users/alexandrrudenko/.m2/repository/org/seleniumhq/selenium/selenium-java/3.141.59/selenium-java-3.141.59.jar:/Users/alexandrrudenko/.m2/repository/org/seleniumhq/selenium/selenium-api/3.141.59/selenium-api-3.141.59.jar:/Users/alexandrrudenko/.m2/repository/org/seleniumhq/selenium/selenium-chrome-driver/3.141.59/selenium-chrome-driver-3.141.59.jar:/Users/alexandrrudenko/.m2/repository/org/seleniumhq/selenium/selenium-edge-driver/3.141.59/selenium-edge-driver-3.141.59.jar:/Users/alexandrrudenko/.m2/repository/org/seleniumhq/selenium/selenium-firefox-driver/3.141.59/selenium-firefox-driver-3.141.59.jar:/Users/alexandrrudenko/.m2/repository/org/seleniumhq/selenium/selenium-ie-driver/3.141.59/selenium-ie-driver-3.141.59.jar:/Users/alexandrrudenko/.m2/repository/org/seleniumhq/selenium/selenium-opera-driver/3.141.59/selenium-opera-driver-3.141.59.jar:/Users/alexandrrudenko/.m2/repository/org/seleniumhq/selenium/selenium-remote-driver/3.141.59/selenium-remote-driver-3.141.59.jar:/Users/alexandrrudenko/.m2/repository/org/seleniumhq/selenium/selenium-safari-driver/3.141.59/selenium-safari-driver-3.141.59.jar:/Users/alexandrrudenko/.m2/repository/org/seleniumhq/selenium/selenium-support/3.141.59/selenium-support-3.141.59.jar:/Users/alexandrrudenko/.m2/repository/net/bytebuddy/byte-buddy/1.8.15/byte-buddy-1.8.15.jar:/Users/alexandrrudenko/.m2/repository/org/apache/commons/commons-exec/1.3/commons-exec-1.3.jar:/Users/alexandrrudenko/.m2/repository/com/google/guava/guava/25.0-jre/guava-25.0-jre.jar:/Users/alexandrrudenko/.m2/repository/com/google/code/findbugs/jsr305/1.3.9/jsr305-1.3.9.jar:/Users/alexandrrudenko/.m2/repository/org/checkerframework/checker-compat-qual/2.0.0/checker-compat-qual-2.0.0.jar:/Users/alexandrrudenko/.m2/repository/com/google/errorprone/error_prone_annotations/2.1.3/error_prone_annotations-2.1.3.jar:/Users/alexandrrudenko/.m2/repository/com/google/j2objc/j2objc-annotations/1.1/j2objc-annotations-1.1.jar:/Users/alexandrrudenko/.m2/repository/org/codehaus/mojo/animal-sniffer-annotations/1.14/animal-sniffer-annotations-1.14.jar:/Users/alexandrrudenko/.m2/repository/com/squareup/okhttp3/okhttp/3.11.0/okhttp-3.11.0.jar:/Users/alexandrrudenko/.m2/repository/com/squareup/okio/okio/1.14.0/okio-1.14.0.jar:/Users/alexandrrudenko/.m2/repository/commons-io/commons-io/2.7/commons-io-2.7.jar:/Users/alexandrrudenko/.m2/repository/org/apache/poi/poi-ooxml/4.1.2/poi-ooxml-4.1.2.jar:/Users/alexandrrudenko/.m2/repository/org/apache/poi/poi/4.1.2/poi-4.1.2.jar:/Users/alexandrrudenko/.m2/repository/org/apache/commons/commons-collections4/4.4/commons-collections4-4.4.jar:/Users/alexandrrudenko/.m2/repository/org/apache/commons/commons-math3/3.6.1/commons-math3-3.6.1.jar:/Users/alexandrrudenko/.m2/repository/com/zaxxer/SparseBitSet/1.2/SparseBitSet-1.2.jar:/Users/alexandrrudenko/.m2/repository/org/apache/poi/poi-ooxml-schemas/4.1.2/poi-ooxml-schemas-4.1.2.jar:/Users/alexandrrudenko/.m2/repository/org/apache/xmlbeans/xmlbeans/3.1.0/xmlbeans-3.1.0.jar:/Users/alexandrrudenko/.m2/repository/org/apache/commons/commons-compress/1.19/commons-compress-1.19.jar:/Users/alexandrrudenko/.m2/repository/com/github/virtuald/curvesapi/1.06/curvesapi-1.06.jar:/Users/alexandrrudenko/.m2/repository/org/json/json/20160810/json-20160810.jar:"/>
    <property name="sun.cpu.endian" value="little"/>
    <property name="user.home" value="/Users/alexandrrudenko"/>
    <property name="user.language" value="en"/>
    <property name="java.specification.vendor" value="Oracle Corporation"/>
    <property name="java.home" value="/Library/Java/JavaVirtualMachines/jdk1.8.0_251.jdk/Contents/Home/jre"/>
    <property name="basedir" value="/Users/alexandrrudenko/eclipse-workspace/CucumberFramework"/>
    <property name="file.separator" value="/"/>
    <property name="line.separator" value="&#10;"/>
    <property name="java.vm.specification.vendor" value="Oracle Corporation"/>
    <property name="java.specification.name" value="Java Platform API Specification"/>
    <property name="java.awt.graphicsenv" value="sun.awt.CGraphicsEnvironment"/>
    <property name="surefire.real.class.path" value="/Users/alexandrrudenko/eclipse-workspace/CucumberFramework/target/surefire/surefirebooter5496008149390101872.jar"/>
    <property name="sun.boot.class.path" value="/Library/Java/JavaVirtualMachines/jdk1.8.0_251.jdk/Contents/Home/jre/lib/resources.jar:/Library/Java/JavaVirtualMachines/jdk1.8.0_251.jdk/Contents/Home/jre/lib/rt.jar:/Library/Java/JavaVirtualMachines/jdk1.8.0_251.jdk/Contents/Home/jre/lib/sunrsasign.jar:/Library/Java/JavaVirtualMachines/jdk1.8.0_251.jdk/Contents/Home/jre/lib/jsse.jar:/Library/Java/JavaVirtualMachines/jdk1.8.0_251.jdk/Contents/Home/jre/lib/jce.jar:/Library/Java/JavaVirtualMachines/jdk1.8.0_251.jdk/Contents/Home/jre/lib/charsets.jar:/Library/Java/JavaVirtualMachines/jdk1.8.0_251.jdk/Contents/Home/jre/lib/jfr.jar:/Library/Java/JavaVirtualMachines/jdk1.8.0_251.jdk/Contents/Home/jre/classes"/>
    <property name="sun.management.compiler" value="HotSpot 64-Bit Tiered Compilers"/>
    <property name="ftp.nonProxyHosts" value="local|*.local|169.254/16|*.169.254/16"/>
    <property name="java.runtime.version" value="1.8.0_251-b08"/>
    <property name="user.name" value="alexandrrudenko"/>
    <property name="path.separator" value=":"/>
    <property name="os.version" value="10.15.7"/>
    <property name="java.endorsed.dirs" value="/Library/Java/JavaVirtualMachines/jdk1.8.0_251.jdk/Contents/Home/jre/lib/endorsed"/>
    <property name="java.runtime.name" value="Java(TM) SE Runtime Environment"/>
    <property name="file.encoding" value="UTF-8"/>
    <property name="java.vm.name" value="Java HotSpot(TM) 64-Bit Server VM"/>
    <property name="localRepository" value="/Users/alexandrrudenko/.m2/repository"/>
    <property name="java.vendor.url.bug" value="http://bugreport.sun.com/bugreport/"/>
    <property name="java.io.tmpdir" value="/var/folders/nl/dh9v0zpn6zv0s9mxykf2bnj40000gn/T/"/>
    <property name="java.version" value="1.8.0_251"/>
    <property name="user.dir" value="/Users/alexandrrudenko/eclipse-workspace/CucumberFramework"/>
    <property name="os.arch" value="x86_64"/>
    <property name="java.vm.specification.name" value="Java Virtual Machine Specification"/>
    <property name="java.awt.printerjob" value="sun.lwawt.macosx.CPrinterJob"/>
    <property name="sun.os.patch.level" value="unknown"/>
    <property name="java.library.path" value="/Users/alexandrrudenko/Library/Java/Extensions:/Library/Java/Extensions:/Network/Library/Java/Extensions:/System/Library/Java/Extensions:/usr/lib/java:."/>
    <property name="java.vm.info" value="mixed mode"/>
    <property name="java.vendor" value="Oracle Corporation"/>
    <property name="java.vm.version" value="25.251-b08"/>
    <property name="java.ext.dirs" value="/Users/alexandrrudenko/Library/Java/Extensions:/Library/Java/JavaVirtualMachines/jdk1.8.0_251.jdk/Contents/Home/jre/lib/ext:/Library/Java/Extensions:/Network/Library/Java/Extensions:/System/Library/Java/Extensions:/usr/lib/java"/>
    <property name="sun.io.unicode.encoding" value="UnicodeBig"/>
    <property name="java.class.version" value="52.0"/>
    <property name="socksNonProxyHosts" value="local|*.local|169.254/16|*.169.254/16"/>
  </properties>
  <testcase name="Creating employees" classname="Creating employees" time="5.469">
    <system-out><![CDATA[
@CreateEmployees
Scenario Outline: Creating employees                                                                   # src/test/resources/features/createEmployees.feature:16
{
    "token": "eyJ0eXAiOiJKV1QiLCJhbGciOiJIUzI1NiJ9.eyJpYXQiOjE2MDQxNjY4NjAsImlzcyI6ImxvY2FsaG9zdCIsImV4cCI6MTYwNDIxMDA2MCwidXNlcklkIjoiMTI4NiJ9.-enc11f653uMhKrFsvAWqqb2Po-L1qhvAyjqKtW-9I0"
}
  Given a JWT is generated                                                                             # com.hrms.API.Final.steps.GenerateTokenSteps.a_JWT_is_generated()
  Given a request is prepared to create employees                                                      # com.hrms.API.Final.steps.CreateEmployees.a_request_is_prepared_to_create_employees()
  When employee data provided is "Dog", "Dog", "Dog", "F", "2005-09-30", "Employee", "Cloud Architect" # com.hrms.API.Final.steps.CreateEmployees.employee_data_provided_is(java.lang.String,java.lang.String,java.lang.String,java.lang.String,java.lang.String,java.lang.String,java.lang.String)
{
    "Message": "Entry Created",
    "Employee": [
        {
            "employee_id": "30007A",
            "emp_firstname": "Dog",
            "emp_middle_name": "Dog",
            "emp_lastname": "Dog",
            "emp_birthday": "2005-09-30",
            "emp_gender": "Female",
            "emp_job_title": "Cloud Architect",
            "emp_status": "Employee"
        }
    ]
}
  Then employees are created                                                                           # com.hrms.API.Final.steps.CreateEmployees.employees_are_created()
]]></system-out>
    <system-err><![CDATA[Oct 31, 2020 7:54:18 PM io.cucumber.junit.Cucumber <init>
WARNING: By default Cucumber is running in --non-strict mode.
This default will change to --strict and --non-strict will be removed.
You can use --strict or @CucumberOptions(strict = true) to suppress this warning
]]></system-err>
  </testcase>
  <testcase name="Creating employees" classname="Creating employees" time="0.6">
    <system-out><![CDATA[
@CreateEmployees
Scenario Outline: Creating employees                                                                     # src/test/resources/features/createEmployees.feature:17
{
    "token": "eyJ0eXAiOiJKV1QiLCJhbGciOiJIUzI1NiJ9.eyJpYXQiOjE2MDQxNjY4NjIsImlzcyI6ImxvY2FsaG9zdCIsImV4cCI6MTYwNDIxMDA2MiwidXNlcklkIjoiMTI4NiJ9.QiZXOxHU3WUbQn6FVcEeiQaY0pcNv0zC5jCcMi-yDRU"
}
  Given a JWT is generated                                                                               # com.hrms.API.Final.steps.GenerateTokenSteps.a_JWT_is_generated()
  Given a request is prepared to create employees                                                        # com.hrms.API.Final.steps.CreateEmployees.a_request_is_prepared_to_create_employees()
  When employee data provided is "Cat", "Cat", "Cat", "M", "2017-09-17", "Independent contractor", "CEO" # com.hrms.API.Final.steps.CreateEmployees.employee_data_provided_is(java.lang.String,java.lang.String,java.lang.String,java.lang.String,java.lang.String,java.lang.String,java.lang.String)
{
    "Message": "Entry Created",
    "Employee": [
        {
            "employee_id": "30008A",
            "emp_firstname": "Cat",
            "emp_middle_name": "Cat",
            "emp_lastname": "Cat",
            "emp_birthday": "2017-09-17",
            "emp_gender": "Male",
            "emp_job_title": "CEO",
            "emp_status": "Independent contractor"
        }
    ]
}
  Then employees are created                                                                             # com.hrms.API.Final.steps.CreateEmployees.employees_are_created()
]]></system-out>
  </testcase>
  <testcase name="Creating employees" classname="Creating employees" time="0.572">
    <system-out><![CDATA[
@CreateEmployees
Scenario Outline: Creating employees                                                                               # src/test/resources/features/createEmployees.feature:18
{
    "token": "eyJ0eXAiOiJKV1QiLCJhbGciOiJIUzI1NiJ9.eyJpYXQiOjE2MDQxNjY4NjIsImlzcyI6ImxvY2FsaG9zdCIsImV4cCI6MTYwNDIxMDA2MiwidXNlcklkIjoiMTI4NiJ9.QiZXOxHU3WUbQn6FVcEeiQaY0pcNv0zC5jCcMi-yDRU"
}
  Given a JWT is generated                                                                                         # com.hrms.API.Final.steps.GenerateTokenSteps.a_JWT_is_generated()
  Given a request is prepared to create employees                                                                  # com.hrms.API.Final.steps.CreateEmployees.a_request_is_prepared_to_create_employees()
  When employee data provided is "Monkey", "Monkey", "Monkey", "M", "2000-01-10", "Super Contractor", "IT Analyst" # com.hrms.API.Final.steps.CreateEmployees.employee_data_provided_is(java.lang.String,java.lang.String,java.lang.String,java.lang.String,java.lang.String,java.lang.String,java.lang.String)
{
    "Message": "Entry Created",
    "Employee": [
        {
            "employee_id": "30009A",
            "emp_firstname": "Monkey",
            "emp_middle_name": "Monkey",
            "emp_lastname": "Monkey",
            "emp_birthday": "2000-01-10",
            "emp_gender": "Male",
            "emp_job_title": "IT Analyst",
            "emp_status": "Super Contractor"
        }
    ]
}
  Then employees are created                                                                                       # com.hrms.API.Final.steps.CreateEmployees.employees_are_created()
]]></system-out>
  </testcase>
</testsuite>